<?xml version="1.0" encoding="UTF-8"?>
<testng-results skipped="0" failed="0" ignored="0" total="1" passed="1">
  <reporter-output>
    <line>
      <![CDATA[hello rajesh]]>
    </line>
  </reporter-output>
  <suite name="Suite" duration-ms="171" started-at="2018-12-27T07:24:18Z" finished-at="2018-12-27T07:24:18Z">
    <groups>
    </groups>
    <test name="Test" duration-ms="171" started-at="2018-12-27T07:24:18Z" finished-at="2018-12-27T07:24:18Z">
      <class name="demo.testData">
        <test-method status="PASS" signature="testclas()[pri:0, instance:demo.testData@29774679]" name="testclas" duration-ms="62" started-at="2018-12-27T07:24:18Z" finished-at="2018-12-27T07:24:18Z">
          <reporter-output>
            <line>
              <![CDATA[hello rajesh]]>
            </line>
          </reporter-output>
        </test-method> <!-- testclas -->
      </class> <!-- demo.testData -->
    </test> <!-- Test -->
  </suite> <!-- Suite -->
</testng-results>
