<?xml version="1.0" encoding="UTF-8"?>
<testng-results skipped="0" failed="0" ignored="0" total="1" passed="1">
  <reporter-output>
    <line>
      <![CDATA[hello rajesh]]>
    </line>
  </reporter-output>
  <suite name="Default suite" duration-ms="198" started-at="2018-12-28T04:28:45Z" finished-at="2018-12-28T04:28:45Z">
    <groups>
    </groups>
    <test name="Default test" duration-ms="198" started-at="2018-12-28T04:28:45Z" finished-at="2018-12-28T04:28:45Z">
      <class name="demo.testData">
        <test-method status="PASS" signature="testclas()[pri:0, instance:demo.testData@29774679]" name="testclas" duration-ms="46" started-at="2018-12-28T04:28:45Z" finished-at="2018-12-28T04:28:45Z">
          <reporter-output>
            <line>
              <![CDATA[hello rajesh]]>
            </line>
          </reporter-output>
        </test-method> <!-- testclas -->
      </class> <!-- demo.testData -->
    </test> <!-- Default test -->
  </suite> <!-- Default suite -->
</testng-results>
